0 info it worked if it ends with ok
1 verbose cli [ '/usr/local/bin/node', '/usr/local/bin/npm', 'start' ]
2 info using npm@3.6.0
3 info using node@v5.6.0
4 verbose run-script [ 'prestart', 'start', 'poststart' ]
5 info lifecycle ps-redux@1.0.0~prestart: ps-redux@1.0.0
6 verbose lifecycle ps-redux@1.0.0~prestart: unsafe-perm in lifecycle true
7 verbose lifecycle ps-redux@1.0.0~prestart: PATH: /usr/local/lib/node_modules/npm/bin/node-gyp-bin:/home/tariksarac/Desktop/ReactNative/pluralSight Tutorial/node_modules/.bin:/home/rootuser/Downloads/emsdk_portable:/home/rootuser/Downloads/emsdk_portable/clang/fastcomp/build_master_64/bin:/home/rootuser/Downloads/emsdk_portable/node/4.1.1_64bit/bin:/home/rootuser/Downloads/emsdk_portable/emscripten/master:/usr/local/sbin:/usr/local/bin:/usr/sbin:/usr/bin:/sbin:/bin:/usr/games:/usr/local/games:/usr/lib/jvm/oracle_jdk8/bin:/usr/lib/jvm/oracle_jdk8/db/bin:/usr/lib/jvm/oracle_jdk8/jre/bin:/usr/lib/jvm/java-8-oracle/bin:/usr/lib/jvm/java-8-oracle/db/bin:/usr/lib/jvm/java-8-oracle/jre/bin:/usr/lib/jvm/oracle_jdk8/bin:/usr/lib/jvm/oracle_jdk8/db/bin:/usr/lib/jvm/oracle_jdk8/jre/bin:/usr/local/share/scala/bin:/home/tariksarac/Android/Sdk/tools:/home/tariksarac/Android/Sdk/platform-tools
8 verbose lifecycle ps-redux@1.0.0~prestart: CWD: /home/tariksarac/Desktop/ReactNative/pluralSight Tutorial
9 silly lifecycle ps-redux@1.0.0~prestart: Args: [ '-c', 'babel-node tools/startMessage.js' ]
10 silly lifecycle ps-redux@1.0.0~prestart: Returned: code: 0  signal: null
11 info lifecycle ps-redux@1.0.0~start: ps-redux@1.0.0
12 verbose lifecycle ps-redux@1.0.0~start: unsafe-perm in lifecycle true
13 verbose lifecycle ps-redux@1.0.0~start: PATH: /usr/local/lib/node_modules/npm/bin/node-gyp-bin:/home/tariksarac/Desktop/ReactNative/pluralSight Tutorial/node_modules/.bin:/home/rootuser/Downloads/emsdk_portable:/home/rootuser/Downloads/emsdk_portable/clang/fastcomp/build_master_64/bin:/home/rootuser/Downloads/emsdk_portable/node/4.1.1_64bit/bin:/home/rootuser/Downloads/emsdk_portable/emscripten/master:/usr/local/sbin:/usr/local/bin:/usr/sbin:/usr/bin:/sbin:/bin:/usr/games:/usr/local/games:/usr/lib/jvm/oracle_jdk8/bin:/usr/lib/jvm/oracle_jdk8/db/bin:/usr/lib/jvm/oracle_jdk8/jre/bin:/usr/lib/jvm/java-8-oracle/bin:/usr/lib/jvm/java-8-oracle/db/bin:/usr/lib/jvm/java-8-oracle/jre/bin:/usr/lib/jvm/oracle_jdk8/bin:/usr/lib/jvm/oracle_jdk8/db/bin:/usr/lib/jvm/oracle_jdk8/jre/bin:/usr/local/share/scala/bin:/home/tariksarac/Android/Sdk/tools:/home/tariksarac/Android/Sdk/platform-tools
14 verbose lifecycle ps-redux@1.0.0~start: CWD: /home/tariksarac/Desktop/ReactNative/pluralSight Tutorial
15 silly lifecycle ps-redux@1.0.0~start: Args: [ '-c',
15 silly lifecycle   'npm-run-all --parallel test:watch open:src lint:watch' ]
16 silly lifecycle ps-redux@1.0.0~start: Returned: code: 1  signal: null
17 info lifecycle ps-redux@1.0.0~start: Failed to exec start script
18 verbose stack Error: ps-redux@1.0.0 start: `npm-run-all --parallel test:watch open:src lint:watch`
18 verbose stack Exit status 1
18 verbose stack     at EventEmitter.<anonymous> (/usr/local/lib/node_modules/npm/lib/utils/lifecycle.js:232:16)
18 verbose stack     at emitTwo (events.js:100:13)
18 verbose stack     at EventEmitter.emit (events.js:185:7)
18 verbose stack     at ChildProcess.<anonymous> (/usr/local/lib/node_modules/npm/lib/utils/spawn.js:24:14)
18 verbose stack     at emitTwo (events.js:100:13)
18 verbose stack     at ChildProcess.emit (events.js:185:7)
18 verbose stack     at maybeClose (internal/child_process.js:827:16)
18 verbose stack     at Process.ChildProcess._handle.onexit (internal/child_process.js:211:5)
19 verbose pkgid ps-redux@1.0.0
20 verbose cwd /home/tariksarac/Desktop/ReactNative/pluralSight Tutorial
21 error Linux 4.4.0-71-generic
22 error argv "/usr/local/bin/node" "/usr/local/bin/npm" "start"
23 error node v5.6.0
24 error npm  v3.6.0
25 error code ELIFECYCLE
26 error ps-redux@1.0.0 start: `npm-run-all --parallel test:watch open:src lint:watch`
26 error Exit status 1
27 error Failed at the ps-redux@1.0.0 start script 'npm-run-all --parallel test:watch open:src lint:watch'.
27 error Make sure you have the latest version of node.js and npm installed.
27 error If you do, this is most likely a problem with the ps-redux package,
27 error not with npm itself.
27 error Tell the author that this fails on your system:
27 error     npm-run-all --parallel test:watch open:src lint:watch
27 error You can get information on how to open an issue for this project with:
27 error     npm bugs ps-redux
27 error Or if that isn't available, you can get their info via:
27 error     npm owner ls ps-redux
27 error There is likely additional logging output above.
28 verbose exit [ 1, true ]
